<?xml version="1.0" encoding="UTF-8"?>
<!-- Generated by org.testng.reporters.JUnitReportReporter -->
<testsuite hostname="kp-pc" name="kpe.se.wordpress.tests.WordPressTests" tests="7" failures="0" timestamp="27 Aug 2016 07:29:37 GMT" time="20.811" errors="0">
  <testcase name="publishNewPost" time="4.088" classname="kpe.se.wordpress.tests.WordPressTests"/>
  <testcase name="navigateToAddNewPostPage" time="4.539" classname="kpe.se.wordpress.tests.WordPressTests"/>
  <testcase name="loadLoginPage" time="3.415" classname="kpe.se.wordpress.tests.WordPressTests"/>
  <testcase name="performLogin" time="4.822" classname="kpe.se.wordpress.tests.WordPressTests"/>
  <testcase name="validateEditPostPage" time="0.170" classname="kpe.se.wordpress.tests.WordPressTests"/>
  <testcase name="viewPostFromEditPage" time="3.775" classname="kpe.se.wordpress.tests.WordPressTests"/>
  <testcase name="validatePostIsLoadedIntoNewWindow" time="0.002" classname="kpe.se.wordpress.tests.WordPressTests"/>
</testsuite> <!-- kpe.se.wordpress.tests.WordPressTests -->
