<?xml version="1.0" encoding="utf-8" standalone="no"?>
<test-run id="2" testcasecount="0" result="Failed" label="Invalid" total="0" passed="0" failed="0" inconclusive="0" skipped="0" asserts="0" engine-version="3.2.1.0" clr-version="4.0.30319.34014" start-time="2016-06-02 13:18:52Z" end-time="2016-06-02 13:18:52Z" duration="0.008575">
  <command-line><![CDATA[nunit3-console.exe  include]]></command-line>
  <test-suite type="Assembly" id="0-1" name="include" fullname="D:\sourcecode\Selenium\c_sharp\KPE.Se\KPE.Se.AutoPrac\include" testcasecount="0" runstate="NotRunnable" result="Failed" label="Invalid">
    <properties>
      <property name="_SKIPREASON" value="File not found: D:\sourcecode\Selenium\c_sharp\KPE.Se\KPE.Se.AutoPrac\include" />
    </properties>
    <reason>
      <message>File not found: D:\sourcecode\Selenium\c_sharp\KPE.Se\KPE.Se.AutoPrac\include</message>
    </reason>
  </test-suite>
</test-run>