<?xml version="1.0" encoding="UTF-8"?>
<!-- Generated by org.testng.reporters.JUnitReportReporter -->
<testsuite hostname="kp-pc" name="jmeterjunit.ImgDiffPercent" tests="1" failures="0" timestamp="28 Feb 2017 08:07:55 GMT" time="11.496" errors="0">
  <testcase name="testODBC" time="11.496" classname="jmeterjunit.ImgDiffPercent"/>
</testsuite> <!-- jmeterjunit.ImgDiffPercent -->
